2026-04-13 01:36:01 | INFO     | ============================================================
2026-04-13 01:36:01 | INFO     |   PIPELINE COMPLETO DE DATOS — AMAZON BOOKS REVIEWS
2026-04-13 01:36:01 | INFO     | ============================================================
2026-04-13 01:36:01 | INFO     |   Inicio de ejecución : 2026-04-13 01:36:01
2026-04-13 01:36:01 | INFO     |   Log de esta corrida : logs/pipeline_20260413_013601.log
2026-04-13 01:36:01 | INFO     |   Proyecto            : Administración de Datos — LEAD University
2026-04-13 01:36:01 | INFO     |   Grupo 6             : Ariana Víquez | Esteban Gutiérrez | Marco Chinchilla
2026-04-13 01:36:01 | INFO     | 
2026-04-13 01:36:01 | INFO     | ============================================================
2026-04-13 01:36:01 | INFO     |   ETAPA 1/2 — FUENTE DE DATOS (Parte 1)
2026-04-13 01:36:01 | INFO     | ============================================================
2026-04-13 01:36:01 | INFO     |   Cargando dataset Amazon Books → PostgreSQL (amazon_books_db)
2026-04-13 01:36:01 | INFO     |   Tablas: books.books_data | books.books_rating
2026-04-13 01:36:01 | INFO     | PASO 1: TEST DE CONEXION
2026-04-13 01:36:02 | INFO     | Exito: Conexion establecida
2026-04-13 01:36:02 | INFO     | PASO 2: VERIFICACION DE ARCHIVOS CSV
2026-04-13 01:36:02 | INFO     | Encontrado: books_data.csv
2026-04-13 01:36:02 | INFO     | Encontrado: Books_rating.csv
2026-04-13 01:36:02 | INFO     | PASO 3: CREACION DE TABLAS SQL
2026-04-13 01:36:02 | INFO     | Exito: Esquema y tablas recreados con tipo TEXT
2026-04-13 01:36:02 | INFO     | PASO 4: CARGA DE DATOS (CSV -> SQL)
2026-04-13 01:36:02 | INFO     | Cargando books_data.csv en books.books_data...
2026-04-13 01:36:03 | INFO     |    ... 50,000 registros procesados
2026-04-13 01:36:08 | INFO     | Finalizado: books_data tiene 212,404 registros.
2026-04-13 01:36:08 | INFO     | Cargando Books_rating.csv en books.books_rating...
2026-04-13 01:36:09 | INFO     |    ... 50,000 registros procesados
2026-04-13 01:36:24 | INFO     |    ... 550,000 registros procesados
2026-04-13 01:36:36 | INFO     |    ... 1,050,000 registros procesados
2026-04-13 01:36:49 | INFO     |    ... 1,550,000 registros procesados
2026-04-13 01:37:01 | INFO     |    ... 2,050,000 registros procesados
2026-04-13 01:37:14 | INFO     |    ... 2,550,000 registros procesados
2026-04-13 01:37:41 | INFO     | Finalizado: books_rating tiene 3,000,000 registros.
2026-04-13 01:37:41 | INFO     | Exito: 3212404 registros cargados
2026-04-13 01:37:41 | INFO     | PASO 5: VERIFICACION POST-CARGA
2026-04-13 01:37:41 | INFO     | 
============================================================
2026-04-13 01:37:41 | INFO     |   VERIFICACIÓN POST-CARGA — AMAZON BOOKS DB
2026-04-13 01:37:41 | INFO     | ============================================================
2026-04-13 01:37:41 | INFO     | 
📊 1. CONTEO DE REGISTROS POR TABLA:
2026-04-13 01:37:42 | INFO     |    ✅ books.books_rating: 3,000,000 (>= 100,000)
2026-04-13 01:37:42 | INFO     |    ✅ books.books_data: 212,404 (>= 10,000)
2026-04-13 01:37:42 | INFO     | 
⭐ 2. DISTRIBUCIÓN DE REVIEW_SCORE (target IA):
2026-04-13 01:37:42 | INFO     | 
🔍 3. VALORES NULOS EN COLUMNAS CLAVE:
2026-04-13 01:37:43 | INFO     | 
🎯 4. RANGO Y PROMEDIO DE REVIEW_SCORE:
2026-04-13 01:37:43 | INFO     |    ✅ Todos los scores están en rango válido (1-5)
2026-04-13 01:37:43 | INFO     | 
📅 5. RANGO TEMPORAL DEL DATASET:
2026-04-13 01:37:43 | INFO     | 
📄 Reporte guardado en: /Users/esteban07/Desktop/data-pipeline-ai-admin-datos-final-project-main/parte1_fuente_datos/data/reports/verificacion_carga_20260413_013743.csv
2026-04-13 01:37:43 | INFO     | 
============================================================
2026-04-13 01:37:43 | INFO     |   ✅ VERIFICACIÓN EXITOSA — Base de datos lista para ETL
2026-04-13 01:37:43 | INFO     | ============================================================
2026-04-13 01:37:43 | INFO     |   Etapa 1 completada en 1m 42s
2026-04-13 01:37:43 | INFO     |   Resultado: 3,212,404 registros disponibles en PostgreSQL
2026-04-13 01:37:43 | INFO     | ============================================================
2026-04-13 01:37:43 | INFO     |   ETAPA 2/2 — ETL COMPLETO (Parte 2)
2026-04-13 01:37:43 | INFO     | ============================================================
2026-04-13 01:37:43 | INFO     |   Extracción desde PostgreSQL → Transformación → Carga curada
2026-04-13 01:37:43 | INFO     |   Salidas: CSV curado + tabla books.curated_books_reviews
2026-04-13 01:37:43 | INFO     | ============================================================
2026-04-13 01:37:43 | INFO     |   PIPELINE ETL - PARTE 2 - AMAZON BOOKS REVIEWS
2026-04-13 01:37:43 | INFO     |   Inicio: 2026-04-13 01:37:43
2026-04-13 01:37:43 | INFO     | ============================================================
2026-04-13 01:37:43 | INFO     | === INICIO EXTRACCIÓN ===
2026-04-13 01:37:43 | INFO     | Extrayendo tabla books.books_data...
2026-04-13 01:37:44 | INFO     | Extrayendo tabla books.books_rating (limitado a 100k para eficiencia)...
2026-04-13 01:37:44 | INFO     | Extracción exitosa: 212404 libros y 100000 reseñas.
2026-04-13 01:37:44 | INFO     | === INICIO TRANSFORMACIÓN ===
2026-04-13 01:37:44 | INFO     | Realizando join entre libros y reseñas...
2026-04-13 01:37:44 | INFO     | Transformación completada. Registros finales: 100000
2026-04-13 01:37:44 | INFO     | === INICIO CARGA ===
2026-04-13 01:37:45 | INFO     | Datos guardados en CSV: /Users/esteban07/Desktop/data-pipeline-ai-admin-datos-final-project-main/parte2_etl/data/curated/amazon_books_curated.csv
2026-04-13 01:37:45 | INFO     | Cargando datos en PostgreSQL (tabla books.curated_books_reviews)...
2026-04-13 01:37:47 | INFO     | Carga en base de datos completada con éxito.
2026-04-13 01:37:47 | INFO     | ============================================================
2026-04-13 01:37:47 | INFO     |   PROCESO ETL COMPLETADO EXITOSAMENTE
2026-04-13 01:37:47 | INFO     | ============================================================
2026-04-13 01:37:47 | INFO     |   Etapa 2 completada en 3s
2026-04-13 01:37:47 | INFO     |   Resultado: dataset curado listo para modelo de IA (Parte 4)
2026-04-13 01:37:47 | INFO     | ------------------------------------------------------------
2026-04-13 01:37:47 | INFO     |   REPORTE DE EJECUCION DEL PIPELINE
2026-04-13 01:37:47 | INFO     | ------------------------------------------------------------
2026-04-13 01:37:47 | INFO     |   Inicio  : 2026-04-13 01:36:01
2026-04-13 01:37:47 | INFO     |   Fin     : 2026-04-13 01:37:47
2026-04-13 01:37:47 | INFO     |   Total   : 1m 45s
2026-04-13 01:37:47 | INFO     | 
2026-04-13 01:37:47 | INFO     |   Etapa                                   Estado
2026-04-13 01:37:47 | INFO     |   -----------------------------------------------
2026-04-13 01:37:47 | INFO     |   Etapa 1 — Fuente de Datos                   OK
2026-04-13 01:37:47 | INFO     |   Etapa 2 — ETL Completo                      OK
2026-04-13 01:37:47 | INFO     | 
2026-04-13 01:37:47 | INFO     |   PIPELINE COMPLETADO EXITOSAMENTE
2026-04-13 01:37:47 | INFO     |   Datos listos para la Parte 4 (Modelo de IA)
2026-04-13 01:37:47 | INFO     | ============================================================
2026-04-13 01:37:47 | INFO     |   Log guardado en: logs/pipeline_20260413_013601.log
2026-04-13 01:37:47 | INFO     | ============================================================
